[INFO ] 2020-05-21 16:39:50.740 [main] Context - Коллекция заполнена.
[INFO ] 2020-05-21 16:39:50.746 [main] Context - Сервер инициализирован.
[INFO ] 2020-05-21 16:39:50.747 [main] Context - Работа сервера запущенна.
[INFO ] 2020-05-21 16:57:31.177 [main] Context - Коллекция заполнена.
[INFO ] 2020-05-21 16:57:31.184 [main] Context - Сервер инициализирован.
[INFO ] 2020-05-21 16:57:31.184 [main] Context - Работа сервера запущенна.
[INFO ] 2020-05-21 16:57:49.052 [main] Context - Коллекция заполнена.
[INFO ] 2020-05-21 16:57:49.060 [main] Context - Сервер инициализирован.
[INFO ] 2020-05-21 16:57:49.061 [main] Context - Работа сервера запущенна.
[INFO ] 2020-05-21 17:09:01.069 [main] Context - Коллекция заполнена.
[INFO ] 2020-05-21 17:09:01.078 [main] Context - Сервер инициализирован.
[INFO ] 2020-05-21 17:09:01.079 [main] Context - Работа сервера запущенна.
[INFO ] 2020-05-21 17:09:39.325 [main] Context - Коллекция заполнена.
[INFO ] 2020-05-21 17:09:39.333 [main] Context - Сервер инициализирован.
[INFO ] 2020-05-21 17:09:39.334 [main] Context - Работа сервера запущенна.
[INFO ] 2020-05-21 17:10:23.487 [main] Context - Коллекция заполнена.
[INFO ] 2020-05-21 17:10:23.493 [main] Context - Сервер инициализирован.
[INFO ] 2020-05-21 17:10:23.494 [main] Context - логгер говно 
[INFO ] 2020-05-21 17:10:23.494 [main] Context - Работа сервера запущенна.
[INFO ] 2020-05-21 17:11:49.189 [main] Context - Коллекция заполнена.
[INFO ] 2020-05-21 17:11:49.196 [main] Context - Сервер инициализирован.
[INFO ] 2020-05-21 17:11:49.196 [main] Context - Работа сервера запущенна.
[INFO ] 2020-05-21 17:24:57.473 [main] Context - Коллекция заполнена.
[INFO ] 2020-05-21 17:24:57.480 [main] Context - Сервер инициализирован.
[INFO ] 2020-05-21 17:24:57.483 [main] Context - Работа сервера запущенна.
[INFO ] 2020-05-21 17:25:03.175 [main] Context - Коллекция заполнена.
[INFO ] 2020-05-21 17:25:03.181 [main] Context - Сервер инициализирован.
[INFO ] 2020-05-21 17:25:03.184 [main] Context - Работа сервера запущенна.
[INFO ] 2020-05-21 18:36:24.440 [main] Context - Коллекция заполнена.
[INFO ] 2020-05-21 18:36:25.060 [main] Context - Сервер инициализирован.
[INFO ] 2020-05-21 18:36:25.061 [main] Context - Работа сервера запущенна.
[ERROR] 2020-05-21 18:36:38.079 [main] Context - Некорректный ввод аргументов программы! Формат: файл порт
[INFO ] 2020-05-21 18:37:06.368 [main] Context - Коллекция заполнена.
[INFO ] 2020-05-21 18:37:06.376 [main] Context - Сервер инициализирован.
[INFO ] 2020-05-21 18:37:06.376 [main] Context - Работа сервера запущенна.
[INFO ] 2020-05-21 23:02:11.894 [main] Context - Коллекция заполнена.
[INFO ] 2020-05-21 23:02:12.012 [main] Context - Сервер инициализирован.
[INFO ] 2020-05-21 23:02:12.013 [main] Context - Работа сервера запущенна.
